<?xml version="1.0" encoding="UTF-8"?>
<!-- Generated by org.testng.reporters.JUnitXMLReporter -->
<testsuite hostname="DESKTOP-ADBAJG0" ignored="0" tests="3" failures="1" timestamp="29 июл 2017 12:13:39 GMT" time="60.419" errors="0">
  <testcase name="coupleFilter" time="17.217" classname="Filters"/>
  <testcase name="filterFieldsIP" time="32.101" classname="Filters">
    <failure type="java.lang.AssertionError" message="The search parameter iItemCategoryID was not found in the URL">
      <![CDATA[java.lang.AssertionError: The search parameter iItemCategoryID was not found in the URL
	at org.junit.Assert.fail(Assert.java:88)
	at ActionDrivers.MainDriver.fail(MainDriver.java:64)
	at Filters.currentUrl(Filters.java:98)
	at Filters.filterFieldsIP(Filters.java:30)
... Removed 24 stack frames]]>
    </failure>
  </testcase> <!-- filterFieldsIP -->
  <testcase name="filterFieldsQ" time="11.098" classname="Filters"/>
</testsuite>
