<?xml version="1.0" encoding="UTF-8"?>
<!-- Generated by org.testng.reporters.JUnitXMLReporter -->
<testsuite hostname="DESKTOP-ADBAJG0" ignored="0" tests="3" failures="1" timestamp="29 июл 2017 11:25:43 GMT" time="73.96" errors="0">
  <testcase name="coupleFilter" time="16.91" classname="Filters"/>
  <testcase name="filterFieldsIP" time="47.08" classname="Filters">
    <failure type="java.lang.AssertionError" message="Expected condition failed: waiting for visibility of element located by By.cssSelector: #search-dropdown-bActive div (tried for 10 second(s) with 500 MILLISECONDS interval)">
      <![CDATA[java.lang.AssertionError: Expected condition failed: waiting for visibility of element located by By.cssSelector: #search-dropdown-bActive div (tried for 10 second(s) with 500 MILLISECONDS interval)
	at org.junit.Assert.fail(Assert.java:88)
	at ActionDrivers.MainDriver.fail(MainDriver.java:64)
	at ActionDrivers.MainDriver.myWait(MainDriver.java:58)
	at Filters.currentUrl(Filters.java:82)
	at Filters.filterFieldsIP(Filters.java:30)
... Removed 24 stack frames]]>
    </failure>
  </testcase> <!-- filterFieldsIP -->
  <testcase name="filterFieldsQ" time="9.968" classname="Filters"/>
</testsuite>
